Build started 6/20/2015 3:20:07 PM.
     1>Project "C:\GoogleDrive\COSC1320\homework\hw10\HOMEWORK10.2\HOMEWORK10.2\HOMEWORK10.2.vcxproj" on node 2 (build target(s)).
     1>PrepareForBuild:
         Creating directory "C:\GoogleDrive\COSC1320\homework\hw10\HOMEWORK10.2\Release\".
       InitializeBuildStatus:
         Creating "Release\HOMEWORK10.2.unsuccessfulbuild" because "AlwaysCreate" was specified.
       ClCompile:
         C:\Program Files (x86)\Microsoft Visual Studio 10.0\VC\bin\CL.exe /c /Zi /nologo /W3 /WX- /O2 /Oi /Oy- /GL /D WIN32 /D NDEBUG /D _CONSOLE /D _UNICODE /D UNICODE /Gm- /EHsc /MD /GS /Gy /fp:precise /Zc:wchar_t /Zc:forScope /Fo"Release\\" /Fd"Release\vc100.pdb" /Gd /TP /analyze- /errorReport:prompt BankAccount.cpp Driver.cpp
         BankAccount.cpp
         Driver.cpp
       Link:
         C:\Program Files (x86)\Microsoft Visual Studio 10.0\VC\bin\link.exe /ERRORREPORT:PROMPT /OUT:"C:\GoogleDrive\COSC1320\homework\hw10\HOMEWORK10.2\Release\HOMEWORK10.2.exe" /INCREMENTAL:NO /NOLOGO kernel32.lib user32.lib gdi32.lib winspool.lib comdlg32.lib advapi32.lib shell32.lib ole32.lib oleaut32.lib uuid.lib odbc32.lib odbccp32.lib /MANIFEST /ManifestFile:"Release\HOMEWORK10.2.exe.intermediate.manifest" /MANIFESTUAC:"level='asInvoker' uiAccess='false'" /DEBUG /PDB:"C:\GoogleDrive\COSC1320\homework\hw10\HOMEWORK10.2\Release\HOMEWORK10.2.pdb" /SUBSYSTEM:CONSOLE /OPT:REF /OPT:ICF /LTCG /TLBID:1 /DYNAMICBASE /NXCOMPAT /IMPLIB:"C:\GoogleDrive\COSC1320\homework\hw10\HOMEWORK10.2\Release\HOMEWORK10.2.lib" /MACHINE:X86 Release\BankAccount.obj
         Release\Driver.obj
     1>Driver.obj : error LNK2001: unresolved external symbol "public: __thiscall BankAccount::BankAccount(double,double)" (??0BankAccount@@QAE@NN@Z)
     1>Driver.obj : error LNK2001: unresolved external symbol "public: __thiscall BankAccount::BankAccount(void)" (??0BankAccount@@QAE@XZ)
     1>C:\GoogleDrive\COSC1320\homework\hw10\HOMEWORK10.2\Release\HOMEWORK10.2.exe : fatal error LNK1120: 2 unresolved externals
     1>Done Building Project "C:\GoogleDrive\COSC1320\homework\hw10\HOMEWORK10.2\HOMEWORK10.2\HOMEWORK10.2.vcxproj" (build target(s)) -- FAILED.

Build FAILED.

Time Elapsed 00:00:00.83
